<?xml version="1.0" encoding="UTF-8"?>
<testng-results ignored="0" total="2" passed="2" failed="0" skipped="0">
  <reporter-output>
  </reporter-output>
  <suite started-at="2025-08-07T12:05:42 IST" name="Default suite" finished-at="2025-08-07T12:20:36 IST" duration-ms="893269">
    <groups>
      <group name="cucumber">
        <method signature="AbstractTestNGCucumberTests.runScenario(io.cucumber.testng.PickleWrapper,io.cucumber.testng.FeatureWrapper)[pri:0, instance:Runner.RunnerClass@5afa3c9]" name="runScenario" class="io.cucumber.testng.AbstractTestNGCucumberTests"/>
      </group> <!-- cucumber -->
    </groups>
    <test started-at="2025-08-07T12:05:42 IST" name="Default test" finished-at="2025-08-07T12:20:36 IST" duration-ms="893269">
      <class name="Runner.RunnerClass">
        <test-method is-config="true" signature="setUpClass(org.testng.ITestContext)[pri:0, instance:Runner.RunnerClass@5afa3c9]" started-at="2025-08-07T12:05:42 IST" name="setUpClass" finished-at="2025-08-07T12:05:43 IST" duration-ms="423" status="PASS">
          <params>
            <param index="0">
              <value>
                <![CDATA[org.testng.TestRunner@48eb001a]]>
              </value>
            </param>
          </params>
          <reporter-output>
          </reporter-output>
        </test-method> <!-- setUpClass -->
        <test-method signature="runScenario(io.cucumber.testng.PickleWrapper,io.cucumber.testng.FeatureWrapper)[pri:0, instance:Runner.RunnerClass@5afa3c9]" started-at="2025-08-07T12:05:43 IST" name="runScenario" description="Runs Cucumber Scenarios" data-provider="scenarios" finished-at="2025-08-07T12:13:14 IST" duration-ms="451385" status="PASS">
          <params>
            <param index="0">
              <value>
                <![CDATA["CreateLead with multiple data"]]>
              </value>
            </param>
            <param index="1">
              <value>
                <![CDATA["CreateLead functionality of Leaftaps application"]]>
              </value>
            </param>
          </params>
          <reporter-output>
          </reporter-output>
        </test-method> <!-- runScenario -->
        <test-method signature="runScenario(io.cucumber.testng.PickleWrapper,io.cucumber.testng.FeatureWrapper)[pri:0, instance:Runner.RunnerClass@5afa3c9]" started-at="2025-08-07T12:13:14 IST" name="runScenario" description="Runs Cucumber Scenarios" data-provider="scenarios" finished-at="2025-08-07T12:20:28 IST" duration-ms="434292" status="PASS">
          <params>
            <param index="0">
              <value>
                <![CDATA["CreateLead with multiple data"]]>
              </value>
            </param>
            <param index="1">
              <value>
                <![CDATA["CreateLead functionality of Leaftaps application"]]>
              </value>
            </param>
          </params>
          <reporter-output>
          </reporter-output>
        </test-method> <!-- runScenario -->
        <test-method is-config="true" signature="tearDownClass()[pri:0, instance:Runner.RunnerClass@5afa3c9]" started-at="2025-08-07T12:20:29 IST" name="tearDownClass" finished-at="2025-08-07T12:20:36 IST" duration-ms="7112" status="PASS">
          <reporter-output>
          </reporter-output>
        </test-method> <!-- tearDownClass -->
      </class> <!-- Runner.RunnerClass -->
    </test> <!-- Default test -->
  </suite> <!-- Default suite -->
</testng-results>
